<?xml version="1.0" encoding="UTF-8"?>
<!-- Generated by org.testng.reporters.JUnitXMLReporter -->
<testsuite ignored="1" hostname="DESKTOP-CMMN98B" failures="0" tests="2" name="Surefire test" time="28.92" errors="0" timestamp="2024-05-29T13:10:04 IST">
  <testcase classname="com.SiNoKa_In.erp.Member.MembersScripts" name="test01" time="0.007"/>
  <testcase classname="com.SiNoKa_In.erp.Member.MembersScripts" name="test02" time="0.003"/>
  <testcase classname="com.SiNoKa_In.erp.Member.MembersScripts" name="createnewproductTest" time="0.0">
    <ignored/>
  </testcase> <!-- createnewproductTest -->
</testsuite> <!-- Surefire test -->
