<?xml version="1.0" encoding="UTF-8"?>
<!-- Generated by org.testng.reporters.JUnitXMLReporter -->
<testsuite ignored="10" hostname="DESKTOP-CMMN98B" failures="0" tests="3" name="Test" time="30.222" errors="0" timestamp="2024-05-31T15:55:47 IST">
  <testcase classname="com.SiNoKa_In.erp.Member.MembersScripts" name="ATest" time="0.007"/>
  <testcase classname="com.SiNoKa_In.erp.HomePage.HomePageValidate" name="ATest" time="0.001"/>
  <testcase classname="com.SiNoKa_In.erp.Product.ProductModule" name="ATest" time="0.003"/>
  <testcase classname="com.SiNoKa_In.erp.Product.ProductModule" name="BTest" time="0.0">
    <ignored/>
  </testcase> <!-- BTest -->
  <testcase classname="com.SiNoKa_In.erp.Member.MembersScripts" name="BTest" time="0.0">
    <ignored/>
  </testcase> <!-- BTest -->
  <testcase classname="com.SiNoKa_In.erp.Member.MembersScripts" name="createnewproductTest" time="0.0">
    <ignored/>
  </testcase> <!-- createnewproductTest -->
  <testcase classname="com.comcast.crm.baseutility.Baseclass" name="@BeforeSuite configBS" time="0.0">
    <ignored/>
  </testcase> <!-- @BeforeSuite configBS -->
  <testcase classname="com.SiNoKa_In.erp.HomePage.HomePageValidate" name="BTest" time="0.0">
    <ignored/>
  </testcase> <!-- BTest -->
  <testcase classname="com.SiNoKa_In.erp.HomePage.HomePageValidate" name="homepagedisplayedtestTest" time="0.0">
    <ignored/>
  </testcase> <!-- homepagedisplayedtestTest -->
  <testcase classname="com.comcast.crm.baseutility.Baseclass" name="@BeforeSuite configBS" time="0.0">
    <ignored/>
  </testcase> <!-- @BeforeSuite configBS -->
  <testcase classname="com.SiNoKa_In.erp.Product.ProductModule" name="createnewproductTest" time="0.0">
    <ignored/>
  </testcase> <!-- createnewproductTest -->
  <testcase classname="com.comcast.crm.baseutility.Baseclass" name="@AfterSuite configAS" time="0.0">
    <ignored/>
  </testcase> <!-- @AfterSuite configAS -->
  <testcase classname="com.comcast.crm.baseutility.Baseclass" name="@AfterSuite configAS" time="0.0">
    <ignored/>
  </testcase> <!-- @AfterSuite configAS -->
</testsuite> <!-- Test -->
