<?xml version="1.0" encoding="UTF-8"?>
<testng-results ignored="0" total="3" passed="3" failed="0" skipped="0">
  <reporter-output>
  </reporter-output>
  <suite started-at="2024-05-31T15:55:17 IST" name="Suite" finished-at="2024-05-31T15:55:47 IST" duration-ms="30222">
    <groups>
      <group name="regression">
        <method signature="HomePageValidate.ATest()[pri:0, instance:com.SiNoKa_In.erp.HomePage.HomePageValidate@1a482e36]" name="ATest" class="com.SiNoKa_In.erp.HomePage.HomePageValidate"/>
        <method signature="MembersScripts.ATest()[pri:0, instance:com.SiNoKa_In.erp.Member.MembersScripts@223191a6]" name="ATest" class="com.SiNoKa_In.erp.Member.MembersScripts"/>
        <method signature="ProductModule.ATest()[pri:0, instance:com.SiNoKa_In.erp.Product.ProductModule@72967906]" name="ATest" class="com.SiNoKa_In.erp.Product.ProductModule"/>
      </group> <!-- regression -->
    </groups>
    <test started-at="2024-05-31T15:55:17 IST" name="Test" finished-at="2024-05-31T15:55:47 IST" duration-ms="30222">
      <class name="com.SiNoKa_In.erp.HomePage.HomePageValidate">
        <test-method is-config="true" signature="configBC()[pri:0, instance:com.SiNoKa_In.erp.HomePage.HomePageValidate@1a482e36]" started-at="2024-05-31T15:55:30 IST" name="configBC" finished-at="2024-05-31T15:55:33 IST" duration-ms="2724" status="PASS">
          <reporter-output>
          </reporter-output>
        </test-method> <!-- configBC -->
        <test-method is-config="true" signature="configBM()[pri:0, instance:com.SiNoKa_In.erp.HomePage.HomePageValidate@1a482e36]" started-at="2024-05-31T15:55:33 IST" name="configBM" finished-at="2024-05-31T15:55:37 IST" duration-ms="3906" status="PASS">
          <reporter-output>
          </reporter-output>
        </test-method> <!-- configBM -->
        <test-method signature="ATest()[pri:0, instance:com.SiNoKa_In.erp.HomePage.HomePageValidate@1a482e36]" started-at="2024-05-31T15:55:37 IST" name="ATest" finished-at="2024-05-31T15:55:37 IST" duration-ms="1" status="PASS">
          <reporter-output>
          </reporter-output>
        </test-method> <!-- ATest -->
        <test-method is-config="true" signature="configAM()[pri:0, instance:com.SiNoKa_In.erp.HomePage.HomePageValidate@1a482e36]" started-at="2024-05-31T15:55:37 IST" name="configAM" finished-at="2024-05-31T15:55:38 IST" duration-ms="1168" status="PASS">
          <reporter-output>
          </reporter-output>
        </test-method> <!-- configAM -->
        <test-method is-config="true" signature="configAC()[pri:0, instance:com.SiNoKa_In.erp.HomePage.HomePageValidate@1a482e36]" started-at="2024-05-31T15:55:38 IST" name="configAC" finished-at="2024-05-31T15:55:38 IST" duration-ms="238" status="PASS">
          <reporter-output>
          </reporter-output>
        </test-method> <!-- configAC -->
      </class> <!-- com.SiNoKa_In.erp.HomePage.HomePageValidate -->
      <class name="com.SiNoKa_In.erp.Product.ProductModule">
        <test-method is-config="true" signature="configBC()[pri:0, instance:com.SiNoKa_In.erp.Product.ProductModule@72967906]" started-at="2024-05-31T15:55:38 IST" name="configBC" finished-at="2024-05-31T15:55:41 IST" duration-ms="2463" status="PASS">
          <reporter-output>
          </reporter-output>
        </test-method> <!-- configBC -->
        <test-method is-config="true" signature="configBM()[pri:0, instance:com.SiNoKa_In.erp.Product.ProductModule@72967906]" started-at="2024-05-31T15:55:41 IST" name="configBM" finished-at="2024-05-31T15:55:44 IST" duration-ms="2655" status="PASS">
          <reporter-output>
          </reporter-output>
        </test-method> <!-- configBM -->
        <test-method signature="ATest()[pri:0, instance:com.SiNoKa_In.erp.Product.ProductModule@72967906]" started-at="2024-05-31T15:55:44 IST" name="ATest" finished-at="2024-05-31T15:55:44 IST" duration-ms="3" status="PASS">
          <reporter-output>
          </reporter-output>
        </test-method> <!-- ATest -->
        <test-method is-config="true" signature="configAM()[pri:0, instance:com.SiNoKa_In.erp.Product.ProductModule@72967906]" started-at="2024-05-31T15:55:44 IST" name="configAM" finished-at="2024-05-31T15:55:47 IST" duration-ms="3102" status="PASS">
          <reporter-output>
          </reporter-output>
        </test-method> <!-- configAM -->
        <test-method is-config="true" signature="configAC()[pri:0, instance:com.SiNoKa_In.erp.Product.ProductModule@72967906]" started-at="2024-05-31T15:55:47 IST" name="configAC" finished-at="2024-05-31T15:55:47 IST" duration-ms="183" status="PASS">
          <reporter-output>
          </reporter-output>
        </test-method> <!-- configAC -->
      </class> <!-- com.SiNoKa_In.erp.Product.ProductModule -->
      <class name="com.SiNoKa_In.erp.Member.MembersScripts">
        <test-method is-config="true" signature="configBS()[pri:0, instance:com.SiNoKa_In.erp.Member.MembersScripts@223191a6]" started-at="2024-05-31T15:55:16 IST" name="configBS" finished-at="2024-05-31T15:55:17 IST" duration-ms="475" status="PASS">
          <reporter-output>
          </reporter-output>
        </test-method> <!-- configBS -->
        <test-method is-config="true" signature="configBC()[pri:0, instance:com.SiNoKa_In.erp.Member.MembersScripts@223191a6]" started-at="2024-05-31T15:55:17 IST" name="configBC" finished-at="2024-05-31T15:55:26 IST" duration-ms="9167" status="PASS">
          <reporter-output>
          </reporter-output>
        </test-method> <!-- configBC -->
        <test-method is-config="true" signature="configBM()[pri:0, instance:com.SiNoKa_In.erp.Member.MembersScripts@223191a6]" started-at="2024-05-31T15:55:26 IST" name="configBM" finished-at="2024-05-31T15:55:29 IST" duration-ms="3213" status="PASS">
          <reporter-output>
          </reporter-output>
        </test-method> <!-- configBM -->
        <test-method signature="ATest()[pri:0, instance:com.SiNoKa_In.erp.Member.MembersScripts@223191a6]" started-at="2024-05-31T15:55:29 IST" name="ATest" finished-at="2024-05-31T15:55:29 IST" duration-ms="7" status="PASS">
          <reporter-output>
          </reporter-output>
        </test-method> <!-- ATest -->
        <test-method is-config="true" signature="configAM()[pri:0, instance:com.SiNoKa_In.erp.Member.MembersScripts@223191a6]" started-at="2024-05-31T15:55:29 IST" name="configAM" finished-at="2024-05-31T15:55:30 IST" duration-ms="1060" status="PASS">
          <reporter-output>
          </reporter-output>
        </test-method> <!-- configAM -->
        <test-method is-config="true" signature="configAC()[pri:0, instance:com.SiNoKa_In.erp.Member.MembersScripts@223191a6]" started-at="2024-05-31T15:55:30 IST" name="configAC" finished-at="2024-05-31T15:55:30 IST" duration-ms="247" status="PASS">
          <reporter-output>
          </reporter-output>
        </test-method> <!-- configAC -->
        <test-method is-config="true" signature="configAS()[pri:0, instance:com.SiNoKa_In.erp.Member.MembersScripts@223191a6]" started-at="2024-05-31T15:55:47 IST" name="configAS" finished-at="2024-05-31T15:55:47 IST" duration-ms="11" status="PASS">
          <reporter-output>
          </reporter-output>
        </test-method> <!-- configAS -->
      </class> <!-- com.SiNoKa_In.erp.Member.MembersScripts -->
    </test> <!-- Test -->
  </suite> <!-- Suite -->
</testng-results>
