<?xml version="1.0" encoding="UTF-8"?>
<testng-results ignored="0" total="3" passed="3" failed="0" skipped="0">
  <reporter-output>
  </reporter-output>
  <suite started-at="2024-05-29T14:23:01 IST" name="Suite" finished-at="2024-05-29T14:23:39 IST" duration-ms="38023">
    <groups>
      <group name="regression">
        <method signature="HomePageValidate.ATest()[pri:0, instance:com.SiNoKa_In.erp.HomePage.HomePageValidate@c430e6c]" name="ATest" class="com.SiNoKa_In.erp.HomePage.HomePageValidate"/>
        <method signature="MembersScripts.ATest()[pri:0, instance:com.SiNoKa_In.erp.Member.MembersScripts@28dcca0c]" name="ATest" class="com.SiNoKa_In.erp.Member.MembersScripts"/>
        <method signature="ProductModule.ATest()[pri:0, instance:com.SiNoKa_In.erp.Product.ProductModule@312aa7c]" name="ATest" class="com.SiNoKa_In.erp.Product.ProductModule"/>
      </group> <!-- regression -->
    </groups>
    <test started-at="2024-05-29T14:23:01 IST" name="Test" finished-at="2024-05-29T14:23:39 IST" duration-ms="38023">
      <class name="com.SiNoKa_In.erp.HomePage.HomePageValidate">
        <test-method is-config="true" signature="configBC()[pri:0, instance:com.SiNoKa_In.erp.HomePage.HomePageValidate@c430e6c]" started-at="2024-05-29T14:23:17 IST" name="configBC" finished-at="2024-05-29T14:23:20 IST" duration-ms="3438" status="PASS">
          <reporter-output>
          </reporter-output>
        </test-method> <!-- configBC -->
        <test-method is-config="true" signature="configBM()[pri:0, instance:com.SiNoKa_In.erp.HomePage.HomePageValidate@c430e6c]" started-at="2024-05-29T14:23:20 IST" name="configBM" finished-at="2024-05-29T14:23:28 IST" duration-ms="7989" status="PASS">
          <reporter-output>
          </reporter-output>
        </test-method> <!-- configBM -->
        <test-method signature="ATest()[pri:0, instance:com.SiNoKa_In.erp.HomePage.HomePageValidate@c430e6c]" started-at="2024-05-29T14:23:28 IST" name="ATest" finished-at="2024-05-29T14:23:28 IST" duration-ms="3" status="PASS">
          <reporter-output>
          </reporter-output>
        </test-method> <!-- ATest -->
        <test-method is-config="true" signature="configAM()[pri:0, instance:com.SiNoKa_In.erp.HomePage.HomePageValidate@c430e6c]" started-at="2024-05-29T14:23:28 IST" name="configAM" finished-at="2024-05-29T14:23:30 IST" duration-ms="1231" status="PASS">
          <reporter-output>
          </reporter-output>
        </test-method> <!-- configAM -->
        <test-method is-config="true" signature="configAC()[pri:0, instance:com.SiNoKa_In.erp.HomePage.HomePageValidate@c430e6c]" started-at="2024-05-29T14:23:30 IST" name="configAC" finished-at="2024-05-29T14:23:30 IST" duration-ms="384" status="PASS">
          <reporter-output>
          </reporter-output>
        </test-method> <!-- configAC -->
      </class> <!-- com.SiNoKa_In.erp.HomePage.HomePageValidate -->
      <class name="com.SiNoKa_In.erp.Product.ProductModule">
        <test-method is-config="true" signature="configBC()[pri:0, instance:com.SiNoKa_In.erp.Product.ProductModule@312aa7c]" started-at="2024-05-29T14:23:30 IST" name="configBC" finished-at="2024-05-29T14:23:33 IST" duration-ms="3248" status="PASS">
          <reporter-output>
          </reporter-output>
        </test-method> <!-- configBC -->
        <test-method is-config="true" signature="configBM()[pri:0, instance:com.SiNoKa_In.erp.Product.ProductModule@312aa7c]" started-at="2024-05-29T14:23:33 IST" name="configBM" finished-at="2024-05-29T14:23:35 IST" duration-ms="2098" status="PASS">
          <reporter-output>
          </reporter-output>
        </test-method> <!-- configBM -->
        <test-method signature="ATest()[pri:0, instance:com.SiNoKa_In.erp.Product.ProductModule@312aa7c]" started-at="2024-05-29T14:23:35 IST" name="ATest" finished-at="2024-05-29T14:23:35 IST" duration-ms="6" status="PASS">
          <reporter-output>
          </reporter-output>
        </test-method> <!-- ATest -->
        <test-method is-config="true" signature="configAM()[pri:0, instance:com.SiNoKa_In.erp.Product.ProductModule@312aa7c]" started-at="2024-05-29T14:23:35 IST" name="configAM" finished-at="2024-05-29T14:23:39 IST" duration-ms="3429" status="PASS">
          <reporter-output>
          </reporter-output>
        </test-method> <!-- configAM -->
        <test-method is-config="true" signature="configAC()[pri:0, instance:com.SiNoKa_In.erp.Product.ProductModule@312aa7c]" started-at="2024-05-29T14:23:39 IST" name="configAC" finished-at="2024-05-29T14:23:39 IST" duration-ms="373" status="PASS">
          <reporter-output>
          </reporter-output>
        </test-method> <!-- configAC -->
      </class> <!-- com.SiNoKa_In.erp.Product.ProductModule -->
      <class name="com.SiNoKa_In.erp.Member.MembersScripts">
        <test-method is-config="true" signature="configBS()[pri:0, instance:com.SiNoKa_In.erp.Member.MembersScripts@28dcca0c]" started-at="2024-05-29T14:23:01 IST" name="configBS" finished-at="2024-05-29T14:23:01 IST" duration-ms="653" status="PASS">
          <reporter-output>
          </reporter-output>
        </test-method> <!-- configBS -->
        <test-method is-config="true" signature="configBC()[pri:0, instance:com.SiNoKa_In.erp.Member.MembersScripts@28dcca0c]" started-at="2024-05-29T14:23:01 IST" name="configBC" finished-at="2024-05-29T14:23:11 IST" duration-ms="9559" status="PASS">
          <reporter-output>
          </reporter-output>
        </test-method> <!-- configBC -->
        <test-method is-config="true" signature="configBM()[pri:0, instance:com.SiNoKa_In.erp.Member.MembersScripts@28dcca0c]" started-at="2024-05-29T14:23:11 IST" name="configBM" finished-at="2024-05-29T14:23:13 IST" duration-ms="2632" status="PASS">
          <reporter-output>
          </reporter-output>
        </test-method> <!-- configBM -->
        <test-method signature="ATest()[pri:0, instance:com.SiNoKa_In.erp.Member.MembersScripts@28dcca0c]" started-at="2024-05-29T14:23:13 IST" name="ATest" finished-at="2024-05-29T14:23:14 IST" duration-ms="25" status="PASS">
          <reporter-output>
          </reporter-output>
        </test-method> <!-- ATest -->
        <test-method is-config="true" signature="configAM()[pri:0, instance:com.SiNoKa_In.erp.Member.MembersScripts@28dcca0c]" started-at="2024-05-29T14:23:14 IST" name="configAM" finished-at="2024-05-29T14:23:17 IST" duration-ms="3033" status="PASS">
          <reporter-output>
          </reporter-output>
        </test-method> <!-- configAM -->
        <test-method is-config="true" signature="configAC()[pri:0, instance:com.SiNoKa_In.erp.Member.MembersScripts@28dcca0c]" started-at="2024-05-29T14:23:17 IST" name="configAC" finished-at="2024-05-29T14:23:17 IST" duration-ms="424" status="PASS">
          <reporter-output>
          </reporter-output>
        </test-method> <!-- configAC -->
        <test-method is-config="true" signature="configAS()[pri:0, instance:com.SiNoKa_In.erp.Member.MembersScripts@28dcca0c]" started-at="2024-05-29T14:23:40 IST" name="configAS" finished-at="2024-05-29T14:23:40 IST" duration-ms="20" status="PASS">
          <reporter-output>
          </reporter-output>
        </test-method> <!-- configAS -->
      </class> <!-- com.SiNoKa_In.erp.Member.MembersScripts -->
    </test> <!-- Test -->
  </suite> <!-- Suite -->
</testng-results>
